features/base/build/outputs/logs/manifest-merger-debug-report.txt
-- Merging decision tree log ---
manifest
ADDED from src/main/AndroidManifest.xml:17:1-36:12
INJECTED from src/main/AndroidManifest.xml:17:1-36:12
INJECTED from src/main/AndroidManifest.xml:17:1-36:12
INJECTED from src/main/AndroidManifest.xml:17:1-36:12
MERGED from [com.android.support:appcompat-v7:25.3.1] AndroidManifest.xml:17:1-31:12
MERGED from [:baselibrary] AndroidManifest.xml:2:1-11:12
MERGED from [com.android.support:animated-vector-drawable:25.3.1] AndroidManifest.xml:17:1-28:12
MERGED from [com.android.support:support-vector-drawable:25.3.1] AndroidManifest.xml:17:1-28:12
MERGED from [com.android.support:support-v4:25.3.1] AndroidManifest.xml:17:1-31:12
MERGED from [com.android.support:support-fragment:25.3.1] AndroidManifest.xml:17:1-31:12
MERGED from [com.android.support:support-media-compat:25.3.1] AndroidManifest.xml:17:1-31:12
MERGED from [com.android.support:support-core-utils:25.3.1] AndroidManifest.xml:17:1-31:12
MERGED from [com.android.support:support-core-ui:25.3.1] AndroidManifest.xml:17:1-31:12
MERGED from [com.android.support:support-compat:25.3.1] AndroidManifest.xml:17:1-31:12
MERGED from [:features:bye] AndroidManifest.xml:17:1-71:12
INJECTED from src/main/AndroidManifest.xml:17:1-36:12
INJECTED from src/main/AndroidManifest.xml:17:1-36:12
INJECTED from src/main/AndroidManifest.xml:17:1-36:12
	package
		ADDED from src/main/AndroidManifest.xml:18:11-72
		INJECTED from src/main/AndroidManifest.xml
		INJECTED from src/main/AndroidManifest.xml
	android:versionName
		INJECTED from src/main/AndroidManifest.xml
		ADDED from src/main/AndroidManifest.xml:17:1-36:12
		INJECTED from src/main/AndroidManifest.xml
	android:versionCode
		INJECTED from src/main/AndroidManifest.xml
		ADDED from src/main/AndroidManifest.xml:17:1-36:12
		INJECTED from src/main/AndroidManifest.xml
	xmlns:android
		ADDED from src/main/AndroidManifest.xml:17:11-69
uses-permission#android.permission.INTERNET
ADDED from src/main/AndroidManifest.xml:20:5-67
	android:name
		ADDED from src/main/AndroidManifest.xml:20:22-64
uses-permission#android.permission.READ_PHONE_STATE
ADDED from src/main/AndroidManifest.xml:21:5-75
	android:name
		ADDED from src/main/AndroidManifest.xml:21:22-72
uses-permission#android.permission.WRITE_EXTERNAL_STORAGE
ADDED from src/main/AndroidManifest.xml:22:5-81
	android:name
		ADDED from src/main/AndroidManifest.xml:22:22-78
uses-permission-sdk-23#android.permission.ACCESS_FINE_LOCATION
ADDED from src/main/AndroidManifest.xml:23:5-86
	android:name
		ADDED from src/main/AndroidManifest.xml:23:29-83
application
ADDED from src/main/AndroidManifest.xml:25:5-34:19
MERGED from [com.android.support:appcompat-v7:25.3.1] AndroidManifest.xml:29:5-20
MERGED from [com.android.support:appcompat-v7:25.3.1] AndroidManifest.xml:29:5-20
MERGED from [com.android.support:animated-vector-drawable:25.3.1] AndroidManifest.xml:26:5-20
MERGED from [com.android.support:animated-vector-drawable:25.3.1] AndroidManifest.xml:26:5-20
MERGED from [com.android.support:support-vector-drawable:25.3.1] AndroidManifest.xml:26:5-20
MERGED from [com.android.support:support-vector-drawable:25.3.1] AndroidManifest.xml:26:5-20
MERGED from [com.android.support:support-v4:25.3.1] AndroidManifest.xml:29:5-20
MERGED from [com.android.support:support-v4:25.3.1] AndroidManifest.xml:29:5-20
MERGED from [com.android.support:support-fragment:25.3.1] AndroidManifest.xml:29:5-20
MERGED from [com.android.support:support-fragment:25.3.1] AndroidManifest.xml:29:5-20
MERGED from [com.android.support:support-media-compat:25.3.1] AndroidManifest.xml:29:5-20
MERGED from [com.android.support:support-media-compat:25.3.1] AndroidManifest.xml:29:5-20
MERGED from [com.android.support:support-core-utils:25.3.1] AndroidManifest.xml:29:5-20
MERGED from [com.android.support:support-core-utils:25.3.1] AndroidManifest.xml:29:5-20
MERGED from [com.android.support:support-core-ui:25.3.1] AndroidManifest.xml:29:5-20
MERGED from [com.android.support:support-core-ui:25.3.1] AndroidManifest.xml:29:5-20
MERGED from [com.android.support:support-compat:25.3.1] AndroidManifest.xml:29:5-20
MERGED from [com.android.support:support-compat:25.3.1] AndroidManifest.xml:29:5-20
MERGED from [:features:bye] AndroidManifest.xml:28:5-69:19
MERGED from [:features:bye] AndroidManifest.xml:28:5-69:19
	android:supportsRtl
		ADDED from src/main/AndroidManifest.xml:30:13-39
	android:label
		ADDED from src/main/AndroidManifest.xml:28:13-45
	android:debuggable
		ADDED from [:features:bye] AndroidManifest.xml:29:9-34
	android:testOnly
		ADDED from [:features:bye] AndroidManifest.xml:30:9-32
	android:allowBackup
		ADDED from src/main/AndroidManifest.xml:27:13-39
	android:theme
		ADDED from src/main/AndroidManifest.xml:29:13-44
	android:name
		ADDED from src/main/AndroidManifest.xml:26:13-73
meta-data#asset_statements
ADDED from src/main/AndroidManifest.xml:31:9-33:59
MERGED from [:features:bye] AndroidManifest.xml:31:9-33:59
MERGED from [:features:bye] AndroidManifest.xml:31:9-33:59
	android:resource
		ADDED from src/main/AndroidManifest.xml:33:13-56
	android:name
		ADDED from src/main/AndroidManifest.xml:32:13-44
uses-sdk
INJECTED from src/main/AndroidManifest.xml reason: use-sdk injection requested
INJECTED from src/main/AndroidManifest.xml
INJECTED from src/main/AndroidManifest.xml
MERGED from [com.android.support:appcompat-v7:25.3.1] AndroidManifest.xml:21:5-23:78
MERGED from [com.android.support:appcompat-v7:25.3.1] AndroidManifest.xml:21:5-23:78
MERGED from [:baselibrary] AndroidManifest.xml:7:5-9:41
MERGED from [:baselibrary] AndroidManifest.xml:7:5-9:41
MERGED from [com.android.support:animated-vector-drawable:25.3.1] AndroidManifest.xml:20:5-44
MERGED from [com.android.support:animated-vector-drawable:25.3.1] AndroidManifest.xml:20:5-44
MERGED from [com.android.support:support-vector-drawable:25.3.1] AndroidManifest.xml:20:5-43
MERGED from [com.android.support:support-vector-drawable:25.3.1] AndroidManifest.xml:20:5-43
MERGED from [com.android.support:support-v4:25.3.1] AndroidManifest.xml:21:5-23:54
MERGED from [com.android.support:support-v4:25.3.1] AndroidManifest.xml:21:5-23:54
MERGED from [com.android.support:support-fragment:25.3.1] AndroidManifest.xml:21:5-23:60
MERGED from [com.android.support:support-fragment:25.3.1] AndroidManifest.xml:21:5-23:60
MERGED from [com.android.support:support-media-compat:25.3.1] AndroidManifest.xml:21:5-23:63
MERGED from [com.android.support:support-media-compat:25.3.1] AndroidManifest.xml:21:5-23:63
MERGED from [com.android.support:support-core-utils:25.3.1] AndroidManifest.xml:21:5-23:61
MERGED from [com.android.support:support-core-utils:25.3.1] AndroidManifest.xml:21:5-23:61
MERGED from [com.android.support:support-core-ui:25.3.1] AndroidManifest.xml:21:5-23:58
MERGED from [com.android.support:support-core-ui:25.3.1] AndroidManifest.xml:21:5-23:58
MERGED from [com.android.support:support-compat:25.3.1] AndroidManifest.xml:21:5-23:58
MERGED from [com.android.support:support-compat:25.3.1] AndroidManifest.xml:21:5-23:58
MERGED from [:features:bye] AndroidManifest.xml:24:5-26:41
MERGED from [:features:bye] AndroidManifest.xml:24:5-26:41
INJECTED from src/main/AndroidManifest.xml
INJECTED from src/main/AndroidManifest.xml
	tools:overrideLibrary
		ADDED from [com.android.support:appcompat-v7:25.3.1] AndroidManifest.xml:23:9-75
	android:targetSdkVersion
		INJECTED from src/main/AndroidManifest.xml
		ADDED from src/main/AndroidManifest.xml
		INJECTED from src/main/AndroidManifest.xml
	android:minSdkVersion
		INJECTED from src/main/AndroidManifest.xml
		ADDED from src/main/AndroidManifest.xml
		INJECTED from src/main/AndroidManifest.xml
meta-data#android.support.VERSION
ADDED from [com.android.support:appcompat-v7:25.3.1] AndroidManifest.xml:25:5-27:34
MERGED from [com.android.support:animated-vector-drawable:25.3.1] AndroidManifest.xml:22:5-24:34
MERGED from [com.android.support:animated-vector-drawable:25.3.1] AndroidManifest.xml:22:5-24:34
MERGED from [com.android.support:support-vector-drawable:25.3.1] AndroidManifest.xml:22:5-24:34
MERGED from [com.android.support:support-vector-drawable:25.3.1] AndroidManifest.xml:22:5-24:34
MERGED from [com.android.support:support-v4:25.3.1] AndroidManifest.xml:25:5-27:34
MERGED from [com.android.support:support-v4:25.3.1] AndroidManifest.xml:25:5-27:34
MERGED from [com.android.support:support-fragment:25.3.1] AndroidManifest.xml:25:5-27:34
MERGED from [com.android.support:support-fragment:25.3.1] AndroidManifest.xml:25:5-27:34
MERGED from [com.android.support:support-media-compat:25.3.1] AndroidManifest.xml:25:5-27:34
MERGED from [com.android.support:support-media-compat:25.3.1] AndroidManifest.xml:25:5-27:34
MERGED from [com.android.support:support-core-utils:25.3.1] AndroidManifest.xml:25:5-27:34
MERGED from [com.android.support:support-core-utils:25.3.1] AndroidManifest.xml:25:5-27:34
MERGED from [com.android.support:support-core-ui:25.3.1] AndroidManifest.xml:25:5-27:34
MERGED from [com.android.support:support-core-ui:25.3.1] AndroidManifest.xml:25:5-27:34
MERGED from [com.android.support:support-compat:25.3.1] AndroidManifest.xml:25:5-27:34
MERGED from [com.android.support:support-compat:25.3.1] AndroidManifest.xml:25:5-27:34
	android:value
		ADDED from [com.android.support:appcompat-v7:25.3.1] AndroidManifest.xml:27:9-31
	android:name
		ADDED from [com.android.support:appcompat-v7:25.3.1] AndroidManifest.xml:26:9-47
activity#com.instantappsamples.feature.bye.GoodbyeActivity
ADDED from [:features:bye] AndroidManifest.xml:35:9-68:20
	android:label
		ADDED from [:features:bye] AndroidManifest.xml:37:13-59
	android:splitName
		ADDED from [:features:bye] AndroidManifest.xml:38:13-36
	android:theme
		ADDED from [:features:bye] AndroidManifest.xml:39:13-44
	android:name
		ADDED from [:features:bye] AndroidManifest.xml:36:13-77
meta-data#default-url
ADDED from [:features:bye] AndroidManifest.xml:40:13-42:82
	android:value
		ADDED from [:features:bye] AndroidManifest.xml:42:17-79
	android:name
		ADDED from [:features:bye] AndroidManifest.xml:41:17-43
intent-filter#android.intent.action.VIEW+android.intent.category.BROWSABLE+android.intent.category.DEFAULT
ADDED from [:features:bye] AndroidManifest.xml:44:13-56:29
	android:autoVerify
		ADDED from [:features:bye] AndroidManifest.xml:45:17-42
	android:order
		ADDED from [:features:bye] AndroidManifest.xml:46:17-34
action#android.intent.action.VIEW
ADDED from [:features:bye] AndroidManifest.xml:47:17-69
	android:name
		ADDED from [:features:bye] AndroidManifest.xml:47:25-66
category#android.intent.category.DEFAULT
ADDED from [:features:bye] AndroidManifest.xml:49:17-76
	android:name
		ADDED from [:features:bye] AndroidManifest.xml:49:27-73
category#android.intent.category.BROWSABLE
ADDED from [:features:bye] AndroidManifest.xml:50:17-78
	android:name
		ADDED from [:features:bye] AndroidManifest.xml:50:27-75
data
ADDED from [:features:bye] AndroidManifest.xml:52:17-55:46
	android:host
		ADDED from [:features:bye] AndroidManifest.xml:53:21-70
	android:scheme
		ADDED from [:features:bye] AndroidManifest.xml:55:21-43
	android:pathPrefix
		ADDED from [:features:bye] AndroidManifest.xml:54:21-50